
Accessed 2024-06-13 09:27:17

_POST Array
(
    [action] => approve
    [paymentId] => xVLRcdyzutgkTeZeWq9kDZBhZeEz
    [txid] => 
    [app_client] => LazadaDemoTest
)


Accessed 2024-06-13 09:27:27

_POST Array
(
    [action] => approve
    [paymentId] => xVLRcdyzutgkTeZeWq9kDZBhZeEz
    [txid] => 
    [app_client] => LazadaDemoTest
)


Accessed 2024-06-13 09:27:37

_POST Array
(
    [action] => approve
    [paymentId] => xVLRcdyzutgkTeZeWq9kDZBhZeEz
    [txid] => 
    [app_client] => LazadaDemoTest
)


Accessed 2024-06-13 09:27:47

_POST Array
(
    [action] => approve
    [paymentId] => xVLRcdyzutgkTeZeWq9kDZBhZeEz
    [txid] => 
    [app_client] => LazadaDemoTest
)


Accessed 2024-06-13 09:27:58

_POST Array
(
    [action] => approve
    [paymentId] => xVLRcdyzutgkTeZeWq9kDZBhZeEz
    [txid] => 
    [app_client] => LazadaDemoTest
)


Accessed 2024-06-13 09:28:08

_POST Array
(
    [action] => approve
    [paymentId] => xVLRcdyzutgkTeZeWq9kDZBhZeEz
    [txid] => 
    [app_client] => LazadaDemoTest
)


Accessed 2024-06-13 09:44:44

_POST Array
(
    [action] => approve
    [paymentId] => 895CrUoNGfq6KWCbhv6UOJr1X3Xs
    [txid] => 
    [app_client] => LazadaDemoTest
)


Accessed 2024-06-13 09:44:55

_POST Array
(
    [action] => approve
    [paymentId] => 895CrUoNGfq6KWCbhv6UOJr1X3Xs
    [txid] => 
    [app_client] => LazadaDemoTest
)


Accessed 2024-06-13 09:45:05

_POST Array
(
    [action] => approve
    [paymentId] => 895CrUoNGfq6KWCbhv6UOJr1X3Xs
    [txid] => 
    [app_client] => LazadaDemoTest
)


Accessed 2024-06-13 09:46:19

_POST Array
(
    [action] => approve
    [paymentId] => 895CrUoNGfq6KWCbhv6UOJr1X3Xs
    [txid] => 
    [app_client] => LazadaDemoTest
)


Accessed 2024-06-13 09:46:19

_POST Array
(
    [action] => approve
    [paymentId] => 895CrUoNGfq6KWCbhv6UOJr1X3Xs
    [txid] => 
    [app_client] => LazadaDemoTest
)


Accessed 2024-06-13 09:46:19

_POST Array
(
    [action] => approve
    [paymentId] => 895CrUoNGfq6KWCbhv6UOJr1X3Xs
    [txid] => 
    [app_client] => LazadaDemoTest
)


Accessed 2024-06-13 09:47:03

_POST Array
(
    [action] => approve
    [paymentId] => hy7YyGTLgYo5vr8wcruvJb6M2F6B
    [txid] => 
    [app_client] => LazadaDemoTest
)


Accessed 2024-06-13 09:47:13

_POST Array
(
    [action] => approve
    [paymentId] => hy7YyGTLgYo5vr8wcruvJb6M2F6B
    [txid] => 
    [app_client] => LazadaDemoTest
)


Accessed 2024-06-13 09:47:23

_POST Array
(
    [action] => approve
    [paymentId] => hy7YyGTLgYo5vr8wcruvJb6M2F6B
    [txid] => 
    [app_client] => LazadaDemoTest
)


Accessed 2024-06-13 09:47:33

_POST Array
(
    [action] => approve
    [paymentId] => hy7YyGTLgYo5vr8wcruvJb6M2F6B
    [txid] => 
    [app_client] => LazadaDemoTest
)


Accessed 2024-06-13 09:47:43

_POST Array
(
    [action] => approve
    [paymentId] => hy7YyGTLgYo5vr8wcruvJb6M2F6B
    [txid] => 
    [app_client] => LazadaDemoTest
)


Accessed 2024-06-13 09:47:53

_POST Array
(
    [action] => approve
    [paymentId] => hy7YyGTLgYo5vr8wcruvJb6M2F6B
    [txid] => 
    [app_client] => LazadaDemoTest
)


Accessed 2024-06-13 09:49:07

_POST Array
(
    [action] => approve
    [paymentId] => ighPYlObPzkfD1Uf2umR5q0KqPO3
    [txid] => 
    [app_client] => LazadaDemoTest
)


Accessed 2024-06-13 09:49:17

_POST Array
(
    [action] => approve
    [paymentId] => ighPYlObPzkfD1Uf2umR5q0KqPO3
    [txid] => 
    [app_client] => LazadaDemoTest
)


Accessed 2024-06-13 09:49:27

_POST Array
(
    [action] => approve
    [paymentId] => ighPYlObPzkfD1Uf2umR5q0KqPO3
    [txid] => 
    [app_client] => LazadaDemoTest
)


Accessed 2024-06-13 09:49:37

_POST Array
(
    [action] => approve
    [paymentId] => ighPYlObPzkfD1Uf2umR5q0KqPO3
    [txid] => 
    [app_client] => LazadaDemoTest
)


Accessed 2024-06-13 09:49:47

_POST Array
(
    [action] => approve
    [paymentId] => ighPYlObPzkfD1Uf2umR5q0KqPO3
    [txid] => 
    [app_client] => LazadaDemoTest
)


Accessed 2024-06-13 09:49:57

_POST Array
(
    [action] => approve
    [paymentId] => ighPYlObPzkfD1Uf2umR5q0KqPO3
    [txid] => 
    [app_client] => LazadaDemoTest
)


Accessed 2024-06-13 09:52:08

_POST Array
(
    [action] => approve
    [paymentId] => 1TB79l1jHMPRvEqi6wKFXuaIAqOs
    [txid] => 
    [app_client] => LazadaDemoTest
)


123

1234

Accessed 2024-06-13 09:52:18

_POST Array
(
    [action] => approve
    [paymentId] => 1TB79l1jHMPRvEqi6wKFXuaIAqOs
    [txid] => 
    [app_client] => LazadaDemoTest
)


123

1234

Accessed 2024-06-13 09:52:28

_POST Array
(
    [action] => approve
    [paymentId] => 1TB79l1jHMPRvEqi6wKFXuaIAqOs
    [txid] => 
    [app_client] => LazadaDemoTest
)


123

1234

Accessed 2024-06-13 09:52:38

_POST Array
(
    [action] => approve
    [paymentId] => 1TB79l1jHMPRvEqi6wKFXuaIAqOs
    [txid] => 
    [app_client] => LazadaDemoTest
)


123

1234

Accessed 2024-06-13 09:52:48

_POST Array
(
    [action] => approve
    [paymentId] => 1TB79l1jHMPRvEqi6wKFXuaIAqOs
    [txid] => 
    [app_client] => LazadaDemoTest
)


123

1234

Accessed 2024-06-13 09:52:58

_POST Array
(
    [action] => approve
    [paymentId] => 1TB79l1jHMPRvEqi6wKFXuaIAqOs
    [txid] => 
    [app_client] => LazadaDemoTest
)


123

1234

Accessed 2024-06-13 09:53:36

_POST Array
(
    [action] => approve
    [paymentId] => CfJnCXYUmgwIoRo8xRI027AsNM8i
    [txid] => 
    [app_client] => LazadaDemoTest
)


123

1234

12345

Response 2024-06-13 09:53:36
{"error":"forbidden","error_message":"You are not allowed to approve this payment","payment":{"identifier":"CfJnCXYUmgwIoRo8xRI027AsNM8i","user_uid":"45442725-e8f5-428d-821a-d3494dfdee85","amount":1.0,"memo":"Demo transfer request","metadata":{"paymentType":"donation"},"from_address":"","to_address":"GC3R7AGSXQDBUSJ5CMFW5LCDYY22ZGWRR4VDDMAW5KZTPXHXVSHB5XFB","direction":"user_to_app","status":{"developer_approved":false,"transaction_verified":false,"developer_completed":false,"cancelled":false,"user_cancelled":false},"transaction":null,"created_at":"2024-06-13T07:53:36.029Z","network":"Pi Testnet"}}
Error


Accessed 2024-06-13 09:53:46

_POST Array
(
    [action] => approve
    [paymentId] => CfJnCXYUmgwIoRo8xRI027AsNM8i
    [txid] => 
    [app_client] => LazadaDemoTest
)


123

1234

12345

Response 2024-06-13 09:53:46
{"error":"forbidden","error_message":"You are not allowed to approve this payment","payment":{"identifier":"CfJnCXYUmgwIoRo8xRI027AsNM8i","user_uid":"45442725-e8f5-428d-821a-d3494dfdee85","amount":1.0,"memo":"Demo transfer request","metadata":{"paymentType":"donation"},"from_address":"","to_address":"GC3R7AGSXQDBUSJ5CMFW5LCDYY22ZGWRR4VDDMAW5KZTPXHXVSHB5XFB","direction":"user_to_app","status":{"developer_approved":false,"transaction_verified":false,"developer_completed":false,"cancelled":false,"user_cancelled":false},"transaction":null,"created_at":"2024-06-13T07:53:36.029Z","network":"Pi Testnet"}}
Error


Accessed 2024-06-13 09:53:56

_POST Array
(
    [action] => approve
    [paymentId] => CfJnCXYUmgwIoRo8xRI027AsNM8i
    [txid] => 
    [app_client] => LazadaDemoTest
)


123

1234

12345

Response 2024-06-13 09:53:56
{"error":"forbidden","error_message":"You are not allowed to approve this payment","payment":{"identifier":"CfJnCXYUmgwIoRo8xRI027AsNM8i","user_uid":"45442725-e8f5-428d-821a-d3494dfdee85","amount":1.0,"memo":"Demo transfer request","metadata":{"paymentType":"donation"},"from_address":"","to_address":"GC3R7AGSXQDBUSJ5CMFW5LCDYY22ZGWRR4VDDMAW5KZTPXHXVSHB5XFB","direction":"user_to_app","status":{"developer_approved":false,"transaction_verified":false,"developer_completed":false,"cancelled":false,"user_cancelled":false},"transaction":null,"created_at":"2024-06-13T07:53:36.029Z","network":"Pi Testnet"}}
Error


Accessed 2024-06-13 09:54:06

_POST Array
(
    [action] => approve
    [paymentId] => CfJnCXYUmgwIoRo8xRI027AsNM8i
    [txid] => 
    [app_client] => LazadaDemoTest
)


123

1234

12345

Response 2024-06-13 09:54:07
{"error":"forbidden","error_message":"You are not allowed to approve this payment","payment":{"identifier":"CfJnCXYUmgwIoRo8xRI027AsNM8i","user_uid":"45442725-e8f5-428d-821a-d3494dfdee85","amount":1.0,"memo":"Demo transfer request","metadata":{"paymentType":"donation"},"from_address":"","to_address":"GC3R7AGSXQDBUSJ5CMFW5LCDYY22ZGWRR4VDDMAW5KZTPXHXVSHB5XFB","direction":"user_to_app","status":{"developer_approved":false,"transaction_verified":false,"developer_completed":false,"cancelled":false,"user_cancelled":false},"transaction":null,"created_at":"2024-06-13T07:53:36.029Z","network":"Pi Testnet"}}
Error


Accessed 2024-06-13 09:54:16

_POST Array
(
    [action] => approve
    [paymentId] => CfJnCXYUmgwIoRo8xRI027AsNM8i
    [txid] => 
    [app_client] => LazadaDemoTest
)


123

1234

12345

Response 2024-06-13 09:54:17
{"error":"forbidden","error_message":"You are not allowed to approve this payment","payment":{"identifier":"CfJnCXYUmgwIoRo8xRI027AsNM8i","user_uid":"45442725-e8f5-428d-821a-d3494dfdee85","amount":1.0,"memo":"Demo transfer request","metadata":{"paymentType":"donation"},"from_address":"","to_address":"GC3R7AGSXQDBUSJ5CMFW5LCDYY22ZGWRR4VDDMAW5KZTPXHXVSHB5XFB","direction":"user_to_app","status":{"developer_approved":false,"transaction_verified":false,"developer_completed":false,"cancelled":false,"user_cancelled":false},"transaction":null,"created_at":"2024-06-13T07:53:36.029Z","network":"Pi Testnet"}}
Error


Accessed 2024-06-13 09:54:26

_POST Array
(
    [action] => approve
    [paymentId] => CfJnCXYUmgwIoRo8xRI027AsNM8i
    [txid] => 
    [app_client] => LazadaDemoTest
)


123

1234

12345

Response 2024-06-13 09:54:26
{"error":"forbidden","error_message":"You are not allowed to approve this payment","payment":{"identifier":"CfJnCXYUmgwIoRo8xRI027AsNM8i","user_uid":"45442725-e8f5-428d-821a-d3494dfdee85","amount":1.0,"memo":"Demo transfer request","metadata":{"paymentType":"donation"},"from_address":"","to_address":"GC3R7AGSXQDBUSJ5CMFW5LCDYY22ZGWRR4VDDMAW5KZTPXHXVSHB5XFB","direction":"user_to_app","status":{"developer_approved":false,"transaction_verified":false,"developer_completed":false,"cancelled":false,"user_cancelled":false},"transaction":null,"created_at":"2024-06-13T07:53:36.029Z","network":"Pi Testnet"}}
Error


Response 2024-06-13 09:56:50
{"error":"Invalid/missing API key"}
Error


Response 2024-06-13 09:57:00
{"error":"Invalid/missing API key"}
Error


Response 2024-06-13 09:57:13
{"error":"Invalid/missing API key"}
Error


Response 2024-06-13 09:57:20
{"error":"Invalid/missing API key"}
Error


Response 2024-06-13 09:57:30
{"error":"Invalid/missing API key"}
Error


Response 2024-06-13 09:57:40
{"error":"Invalid/missing API key"}
Error


Response 2024-06-13 09:59:06
{"error":"forbidden","error_message":"You are not allowed to approve this payment","payment":{"identifier":"dooEOVaOUF3gXkpSALA4wKb4MpHK","user_uid":"45442725-e8f5-428d-821a-d3494dfdee85","amount":1.0,"memo":"Demo transfer request","metadata":{"paymentType":"donation"},"from_address":"","to_address":"GC3R7AGSXQDBUSJ5CMFW5LCDYY22ZGWRR4VDDMAW5KZTPXHXVSHB5XFB","direction":"user_to_app","status":{"developer_approved":false,"transaction_verified":false,"developer_completed":false,"cancelled":false,"user_cancelled":false},"transaction":null,"created_at":"2024-06-13T07:59:05.354Z","network":"Pi Testnet"}}
Error


Response 2024-06-13 09:59:16
{"error":"forbidden","error_message":"You are not allowed to approve this payment","payment":{"identifier":"dooEOVaOUF3gXkpSALA4wKb4MpHK","user_uid":"45442725-e8f5-428d-821a-d3494dfdee85","amount":1.0,"memo":"Demo transfer request","metadata":{"paymentType":"donation"},"from_address":"","to_address":"GC3R7AGSXQDBUSJ5CMFW5LCDYY22ZGWRR4VDDMAW5KZTPXHXVSHB5XFB","direction":"user_to_app","status":{"developer_approved":false,"transaction_verified":false,"developer_completed":false,"cancelled":false,"user_cancelled":false},"transaction":null,"created_at":"2024-06-13T07:59:05.354Z","network":"Pi Testnet"}}
Error


Response 2024-06-13 09:59:26
{"error":"forbidden","error_message":"You are not allowed to approve this payment","payment":{"identifier":"dooEOVaOUF3gXkpSALA4wKb4MpHK","user_uid":"45442725-e8f5-428d-821a-d3494dfdee85","amount":1.0,"memo":"Demo transfer request","metadata":{"paymentType":"donation"},"from_address":"","to_address":"GC3R7AGSXQDBUSJ5CMFW5LCDYY22ZGWRR4VDDMAW5KZTPXHXVSHB5XFB","direction":"user_to_app","status":{"developer_approved":false,"transaction_verified":false,"developer_completed":false,"cancelled":false,"user_cancelled":false},"transaction":null,"created_at":"2024-06-13T07:59:05.354Z","network":"Pi Testnet"}}
Error


Response 2024-06-13 09:59:37
{"error":"forbidden","error_message":"You are not allowed to approve this payment","payment":{"identifier":"dooEOVaOUF3gXkpSALA4wKb4MpHK","user_uid":"45442725-e8f5-428d-821a-d3494dfdee85","amount":1.0,"memo":"Demo transfer request","metadata":{"paymentType":"donation"},"from_address":"","to_address":"GC3R7AGSXQDBUSJ5CMFW5LCDYY22ZGWRR4VDDMAW5KZTPXHXVSHB5XFB","direction":"user_to_app","status":{"developer_approved":false,"transaction_verified":false,"developer_completed":false,"cancelled":false,"user_cancelled":false},"transaction":null,"created_at":"2024-06-13T07:59:05.354Z","network":"Pi Testnet"}}
Error


Response 2024-06-13 09:59:46
{"error":"forbidden","error_message":"You are not allowed to approve this payment","payment":{"identifier":"dooEOVaOUF3gXkpSALA4wKb4MpHK","user_uid":"45442725-e8f5-428d-821a-d3494dfdee85","amount":1.0,"memo":"Demo transfer request","metadata":{"paymentType":"donation"},"from_address":"","to_address":"GC3R7AGSXQDBUSJ5CMFW5LCDYY22ZGWRR4VDDMAW5KZTPXHXVSHB5XFB","direction":"user_to_app","status":{"developer_approved":false,"transaction_verified":false,"developer_completed":false,"cancelled":false,"user_cancelled":false},"transaction":null,"created_at":"2024-06-13T07:59:05.354Z","network":"Pi Testnet"}}
Error


Response 2024-06-13 09:59:56
{"error":"forbidden","error_message":"You are not allowed to approve this payment","payment":{"identifier":"dooEOVaOUF3gXkpSALA4wKb4MpHK","user_uid":"45442725-e8f5-428d-821a-d3494dfdee85","amount":1.0,"memo":"Demo transfer request","metadata":{"paymentType":"donation"},"from_address":"","to_address":"GC3R7AGSXQDBUSJ5CMFW5LCDYY22ZGWRR4VDDMAW5KZTPXHXVSHB5XFB","direction":"user_to_app","status":{"developer_approved":false,"transaction_verified":false,"developer_completed":false,"cancelled":false,"user_cancelled":false},"transaction":null,"created_at":"2024-06-13T07:59:05.354Z","network":"Pi Testnet"}}
Error


Response 2024-06-13 10:17:03
{"error":"forbidden","error_message":"You are not allowed to approve this payment","payment":{"identifier":"cQWFzHD4graTzAJZGdEYOEykD87a","user_uid":"af9b6734-9c15-42a8-a56b-9ea59bc765d5","amount":1.0,"memo":"Demo transfer request","metadata":{"paymentType":"donation"},"from_address":"","to_address":"GC3R7AGSXQDBUSJ5CMFW5LCDYY22ZGWRR4VDDMAW5KZTPXHXVSHB5XFB","direction":"user_to_app","status":{"developer_approved":false,"transaction_verified":false,"developer_completed":false,"cancelled":false,"user_cancelled":false},"transaction":null,"created_at":"2024-06-13T08:17:02.058Z","network":"Pi Testnet"}}
Error


Response 2024-06-13 10:17:12
{"error":"forbidden","error_message":"You are not allowed to approve this payment","payment":{"identifier":"cQWFzHD4graTzAJZGdEYOEykD87a","user_uid":"af9b6734-9c15-42a8-a56b-9ea59bc765d5","amount":1.0,"memo":"Demo transfer request","metadata":{"paymentType":"donation"},"from_address":"","to_address":"GC3R7AGSXQDBUSJ5CMFW5LCDYY22ZGWRR4VDDMAW5KZTPXHXVSHB5XFB","direction":"user_to_app","status":{"developer_approved":false,"transaction_verified":false,"developer_completed":false,"cancelled":false,"user_cancelled":false},"transaction":null,"created_at":"2024-06-13T08:17:02.058Z","network":"Pi Testnet"}}
Error


Response 2024-06-13 10:17:23
{"error":"forbidden","error_message":"You are not allowed to approve this payment","payment":{"identifier":"cQWFzHD4graTzAJZGdEYOEykD87a","user_uid":"af9b6734-9c15-42a8-a56b-9ea59bc765d5","amount":1.0,"memo":"Demo transfer request","metadata":{"paymentType":"donation"},"from_address":"","to_address":"GC3R7AGSXQDBUSJ5CMFW5LCDYY22ZGWRR4VDDMAW5KZTPXHXVSHB5XFB","direction":"user_to_app","status":{"developer_approved":false,"transaction_verified":false,"developer_completed":false,"cancelled":false,"user_cancelled":false},"transaction":null,"created_at":"2024-06-13T08:17:02.058Z","network":"Pi Testnet"}}
Error


Response 2024-06-13 10:17:32
{"error":"forbidden","error_message":"You are not allowed to approve this payment","payment":{"identifier":"cQWFzHD4graTzAJZGdEYOEykD87a","user_uid":"af9b6734-9c15-42a8-a56b-9ea59bc765d5","amount":1.0,"memo":"Demo transfer request","metadata":{"paymentType":"donation"},"from_address":"","to_address":"GC3R7AGSXQDBUSJ5CMFW5LCDYY22ZGWRR4VDDMAW5KZTPXHXVSHB5XFB","direction":"user_to_app","status":{"developer_approved":false,"transaction_verified":false,"developer_completed":false,"cancelled":false,"user_cancelled":false},"transaction":null,"created_at":"2024-06-13T08:17:02.058Z","network":"Pi Testnet"}}
Error


Response 2024-06-13 10:17:43
{"error":"forbidden","error_message":"You are not allowed to approve this payment","payment":{"identifier":"cQWFzHD4graTzAJZGdEYOEykD87a","user_uid":"af9b6734-9c15-42a8-a56b-9ea59bc765d5","amount":1.0,"memo":"Demo transfer request","metadata":{"paymentType":"donation"},"from_address":"","to_address":"GC3R7AGSXQDBUSJ5CMFW5LCDYY22ZGWRR4VDDMAW5KZTPXHXVSHB5XFB","direction":"user_to_app","status":{"developer_approved":false,"transaction_verified":false,"developer_completed":false,"cancelled":false,"user_cancelled":false},"transaction":null,"created_at":"2024-06-13T08:17:02.058Z","network":"Pi Testnet"}}
Error


Response 2024-06-13 10:17:52
{"error":"forbidden","error_message":"You are not allowed to approve this payment","payment":{"identifier":"cQWFzHD4graTzAJZGdEYOEykD87a","user_uid":"af9b6734-9c15-42a8-a56b-9ea59bc765d5","amount":1.0,"memo":"Demo transfer request","metadata":{"paymentType":"donation"},"from_address":"","to_address":"GC3R7AGSXQDBUSJ5CMFW5LCDYY22ZGWRR4VDDMAW5KZTPXHXVSHB5XFB","direction":"user_to_app","status":{"developer_approved":false,"transaction_verified":false,"developer_completed":false,"cancelled":false,"user_cancelled":false},"transaction":null,"created_at":"2024-06-13T08:17:02.058Z","network":"Pi Testnet"}}
Error


Response 2024-06-13 10:20:08
{"identifier":"rfZCa0Kr8l0vcEoGnpU1SKwjhZCI","user_uid":"45442725-e8f5-428d-821a-d3494dfdee85","amount":1.0,"memo":"Demo transfer request","metadata":{"paymentType":"donation"},"from_address":"","to_address":"GC3R7AGSXQDBUSJ5CMFW5LCDYY22ZGWRR4VDDMAW5KZTPXHXVSHB5XFB","direction":"user_to_app","status":{"developer_approved":true,"transaction_verified":false,"developer_completed":false,"cancelled":false,"user_cancelled":false},"transaction":null,"created_at":"2024-06-13T08:20:07.726Z","network":"Pi Testnet"}
Error


Response 2024-06-13 10:21:03
{"identifier":"rfZCa0Kr8l0vcEoGnpU1SKwjhZCI","user_uid":"45442725-e8f5-428d-821a-d3494dfdee85","amount":1.0,"memo":"Demo transfer request","metadata":{"paymentType":"donation"},"from_address":"GAORGY7GWJYSARCO7KZH3QRX2FQKD25KQSTQJPKWE7WZTEBBHTSUDAA5","to_address":"GC3R7AGSXQDBUSJ5CMFW5LCDYY22ZGWRR4VDDMAW5KZTPXHXVSHB5XFB","direction":"user_to_app","status":{"developer_approved":true,"transaction_verified":true,"developer_completed":true,"cancelled":false,"user_cancelled":false},"transaction":{"txid":"bc076f926a19e36056567bea02ed94c538bb300c1ec7a46b4ce724b4d680e6c0","verified":true,"_link":"https://api.testnet.minepi.com/transactions/bc076f926a19e36056567bea02ed94c538bb300c1ec7a46b4ce724b4d680e6c0"},"created_at":"2024-06-13T08:20:07.726Z","network":"Pi Testnet"}
Error


Response 2024-06-13 10:27:00
{"identifier":"5oOrTDxDGOmmIycD4NtJ6drWRKoa","user_uid":"45442725-e8f5-428d-821a-d3494dfdee85","amount":1.0,"memo":"Demo transfer request","metadata":{"paymentType":"donation"},"from_address":"","to_address":"GC3R7AGSXQDBUSJ5CMFW5LCDYY22ZGWRR4VDDMAW5KZTPXHXVSHB5XFB","direction":"user_to_app","status":{"developer_approved":true,"transaction_verified":false,"developer_completed":false,"cancelled":false,"user_cancelled":false},"transaction":null,"created_at":"2024-06-13T08:26:58.952Z","network":"Pi Testnet"}
Error


Response 2024-06-13 10:27:38
{"identifier":"5oOrTDxDGOmmIycD4NtJ6drWRKoa","user_uid":"45442725-e8f5-428d-821a-d3494dfdee85","amount":1.0,"memo":"Demo transfer request","metadata":{"paymentType":"donation"},"from_address":"GAORGY7GWJYSARCO7KZH3QRX2FQKD25KQSTQJPKWE7WZTEBBHTSUDAA5","to_address":"GC3R7AGSXQDBUSJ5CMFW5LCDYY22ZGWRR4VDDMAW5KZTPXHXVSHB5XFB","direction":"user_to_app","status":{"developer_approved":true,"transaction_verified":true,"developer_completed":true,"cancelled":false,"user_cancelled":false},"transaction":{"txid":"b01f63b70a5d8274816366dabbe3181c37ba19b20f340844b98057923ec5e37a","verified":true,"_link":"https://api.testnet.minepi.com/transactions/b01f63b70a5d8274816366dabbe3181c37ba19b20f340844b98057923ec5e37a"},"created_at":"2024-06-13T08:26:58.952Z","network":"Pi Testnet"}
Error


Response 2024-06-13 10:41:29
{"identifier":"RlX0lzf2fg6kx423bbvc4ZvqAPdj","user_uid":"251e0308-c8ef-41e0-8049-5ca701537a0e","amount":1.0,"memo":"Demo transfer request","metadata":{"paymentType":"donation"},"from_address":"","to_address":"GC3R7AGSXQDBUSJ5CMFW5LCDYY22ZGWRR4VDDMAW5KZTPXHXVSHB5XFB","direction":"user_to_app","status":{"developer_approved":true,"transaction_verified":false,"developer_completed":false,"cancelled":false,"user_cancelled":false},"transaction":null,"created_at":"2024-06-13T08:41:28.645Z","network":"Pi Testnet"}
Error


Response 2024-06-13 10:45:57
{"identifier":"iyaHRplYa3EWKv89zxacvix8t7qO","user_uid":"45442725-e8f5-428d-821a-d3494dfdee85","amount":1.0,"memo":"Demo transfer request","metadata":{"paymentType":"donation"},"from_address":"","to_address":"GC3R7AGSXQDBUSJ5CMFW5LCDYY22ZGWRR4VDDMAW5KZTPXHXVSHB5XFB","direction":"user_to_app","status":{"developer_approved":true,"transaction_verified":false,"developer_completed":false,"cancelled":false,"user_cancelled":false},"transaction":null,"created_at":"2024-06-13T08:45:57.276Z","network":"Pi Testnet"}
Error


Response 2024-06-13 10:48:27
{"identifier":"xcNh6Pquzf47JHu9L5MrUJPe2WmZ","user_uid":"251e0308-c8ef-41e0-8049-5ca701537a0e","amount":1.0,"memo":"Demo transfer request","metadata":{"paymentType":"donation"},"from_address":"","to_address":"GC3R7AGSXQDBUSJ5CMFW5LCDYY22ZGWRR4VDDMAW5KZTPXHXVSHB5XFB","direction":"user_to_app","status":{"developer_approved":true,"transaction_verified":false,"developer_completed":false,"cancelled":false,"user_cancelled":false},"transaction":null,"created_at":"2024-06-13T08:48:26.598Z","network":"Pi Testnet"}
Error


Response 2024-06-13 11:00:59
{"identifier":"RpDZ9jrhIp0A3lPFznwk2H8E7fYx","user_uid":"4ebeedcd-ad21-4ace-befc-090fba3aa23e","amount":1.0,"memo":"Demo transfer request","metadata":{"paymentType":"donation"},"from_address":"","to_address":"GC3R7AGSXQDBUSJ5CMFW5LCDYY22ZGWRR4VDDMAW5KZTPXHXVSHB5XFB","direction":"user_to_app","status":{"developer_approved":true,"transaction_verified":false,"developer_completed":false,"cancelled":false,"user_cancelled":false},"transaction":null,"created_at":"2024-06-13T09:00:57.729Z","network":"Pi Testnet"}
Error


Response 2024-06-13 11:02:41
{"identifier":"7EzfOXlYgzcgCs2rty4aGbEE6yOW","user_uid":"4ebeedcd-ad21-4ace-befc-090fba3aa23e","amount":1.0,"memo":"Demo transfer request","metadata":{"paymentType":"donation"},"from_address":"","to_address":"GC3R7AGSXQDBUSJ5CMFW5LCDYY22ZGWRR4VDDMAW5KZTPXHXVSHB5XFB","direction":"user_to_app","status":{"developer_approved":true,"transaction_verified":false,"developer_completed":false,"cancelled":false,"user_cancelled":false},"transaction":null,"created_at":"2024-06-13T09:02:41.329Z","network":"Pi Testnet"}
Error


Response 2024-06-13 11:03:20
{"identifier":"7EzfOXlYgzcgCs2rty4aGbEE6yOW","user_uid":"4ebeedcd-ad21-4ace-befc-090fba3aa23e","amount":1.0,"memo":"Demo transfer request","metadata":{"paymentType":"donation"},"from_address":"GD6XWCL4FGU2PL73YDNN75HKNQ3OHB6L7Z6AFPYKZVECU3HHL2HL5652","to_address":"GC3R7AGSXQDBUSJ5CMFW5LCDYY22ZGWRR4VDDMAW5KZTPXHXVSHB5XFB","direction":"user_to_app","status":{"developer_approved":true,"transaction_verified":true,"developer_completed":true,"cancelled":false,"user_cancelled":false},"transaction":{"txid":"15c9909e46909f1c2086b283f647209e883ad9e7ef72915b5a574a4a0fca4cec","verified":true,"_link":"https://api.testnet.minepi.com/transactions/15c9909e46909f1c2086b283f647209e883ad9e7ef72915b5a574a4a0fca4cec"},"created_at":"2024-06-13T09:02:41.329Z","network":"Pi Testnet"}
Error


Response 2024-06-13 11:03:43
{"identifier":"xNBaGeqKQHfSi554wDxKfB8SLuxL","user_uid":"4ebeedcd-ad21-4ace-befc-090fba3aa23e","amount":1.0,"memo":"Demo transfer request","metadata":{"paymentType":"donation"},"from_address":"","to_address":"GC3R7AGSXQDBUSJ5CMFW5LCDYY22ZGWRR4VDDMAW5KZTPXHXVSHB5XFB","direction":"user_to_app","status":{"developer_approved":true,"transaction_verified":false,"developer_completed":false,"cancelled":false,"user_cancelled":false},"transaction":null,"created_at":"2024-06-13T09:03:42.875Z","network":"Pi Testnet"}
Error


Response 2024-06-13 11:13:58
{"identifier":"7dzncSJI8LfwRH0vqA3SUH3OBYrl","user_uid":"45442725-e8f5-428d-821a-d3494dfdee85","amount":1.0,"memo":"Demo transfer request","metadata":{"paymentType":"donation"},"from_address":"","to_address":"GC3R7AGSXQDBUSJ5CMFW5LCDYY22ZGWRR4VDDMAW5KZTPXHXVSHB5XFB","direction":"user_to_app","status":{"developer_approved":true,"transaction_verified":false,"developer_completed":false,"cancelled":false,"user_cancelled":false},"transaction":null,"created_at":"2024-06-13T09:13:57.266Z","network":"Pi Testnet"}
Error


Response 2024-06-13 12:54:21
{"identifier":"djqdJWPS7wekN54oINUxlhLRLF9w","user_uid":"366d5f6a-d26d-4d70-aa93-478ec20204cc","amount":10.0,"memo":"Demo transfer request","metadata":{"paymentType":"donation"},"from_address":"","to_address":"GC3R7AGSXQDBUSJ5CMFW5LCDYY22ZGWRR4VDDMAW5KZTPXHXVSHB5XFB","direction":"user_to_app","status":{"developer_approved":true,"transaction_verified":false,"developer_completed":false,"cancelled":false,"user_cancelled":false},"transaction":null,"created_at":"2024-06-13T10:54:20.282Z","network":"Pi Testnet"}
Error


Response 2024-06-13 12:55:08
{"identifier":"djqdJWPS7wekN54oINUxlhLRLF9w","user_uid":"366d5f6a-d26d-4d70-aa93-478ec20204cc","amount":10.0,"memo":"Demo transfer request","metadata":{"paymentType":"donation"},"from_address":"GCUVDTVCYGWL3DLFE3DHV3PFI5ST6ZLM5DX6OHBYFI4ILZXCGC7B4VLY","to_address":"GC3R7AGSXQDBUSJ5CMFW5LCDYY22ZGWRR4VDDMAW5KZTPXHXVSHB5XFB","direction":"user_to_app","status":{"developer_approved":true,"transaction_verified":true,"developer_completed":true,"cancelled":false,"user_cancelled":false},"transaction":{"txid":"ecf6140fa449ce3a64241eb7283a9264e4af7318aa7267d875042feb631a54e2","verified":true,"_link":"https://api.testnet.minepi.com/transactions/ecf6140fa449ce3a64241eb7283a9264e4af7318aa7267d875042feb631a54e2"},"created_at":"2024-06-13T10:54:20.282Z","network":"Pi Testnet"}
Error


Response 2024-06-13 13:14:32
{"identifier":"elbtphiKPKPyMvFqLxbOy893u7Sl","user_uid":"251e0308-c8ef-41e0-8049-5ca701537a0e","amount":1.0,"memo":"Demo transfer request","metadata":{"paymentType":"donation"},"from_address":"","to_address":"GC3R7AGSXQDBUSJ5CMFW5LCDYY22ZGWRR4VDDMAW5KZTPXHXVSHB5XFB","direction":"user_to_app","status":{"developer_approved":true,"transaction_verified":false,"developer_completed":false,"cancelled":false,"user_cancelled":false},"transaction":null,"created_at":"2024-06-13T11:14:28.960Z","network":"Pi Testnet"}
Error


Response 2024-06-13 13:18:37
{"identifier":"rMSzep2Vl7wyrU00GmGIopDcodcu","user_uid":"251e0308-c8ef-41e0-8049-5ca701537a0e","amount":1.0,"memo":"Demo transfer request","metadata":{"paymentType":"donation"},"from_address":"","to_address":"GC3R7AGSXQDBUSJ5CMFW5LCDYY22ZGWRR4VDDMAW5KZTPXHXVSHB5XFB","direction":"user_to_app","status":{"developer_approved":true,"transaction_verified":false,"developer_completed":false,"cancelled":false,"user_cancelled":false},"transaction":null,"created_at":"2024-06-13T11:18:35.734Z","network":"Pi Testnet"}
Error


Response 2024-06-13 13:59:33
{"identifier":"4Pi4PHYzG3lcFZKn9jHtCpKWpR0g","user_uid":"8fd72e55-5ddb-474c-abc2-e5929f0074d8","amount":0.01,"memo":"Demo transfer request","metadata":{"paymentType":"donation"},"from_address":"","to_address":"GC3R7AGSXQDBUSJ5CMFW5LCDYY22ZGWRR4VDDMAW5KZTPXHXVSHB5XFB","direction":"user_to_app","status":{"developer_approved":true,"transaction_verified":false,"developer_completed":false,"cancelled":false,"user_cancelled":false},"transaction":null,"created_at":"2024-06-13T11:59:32.003Z","network":"Pi Testnet"}
Error


Response 2024-06-13 14:15:42
{"identifier":"7VYpu8RjZXJz6miRwKioM25AH2RR","user_uid":"48cc4ac5-1fe4-483a-a7ae-a5b5b1af9f79","amount":1.0,"memo":"Demo transfer request","metadata":{"paymentType":"donation"},"from_address":"","to_address":"GC3R7AGSXQDBUSJ5CMFW5LCDYY22ZGWRR4VDDMAW5KZTPXHXVSHB5XFB","direction":"user_to_app","status":{"developer_approved":true,"transaction_verified":false,"developer_completed":false,"cancelled":false,"user_cancelled":false},"transaction":null,"created_at":"2024-06-13T12:15:42.103Z","network":"Pi Testnet"}
Error


Response 2024-06-13 14:45:32
{"identifier":"vE9stVplcJ9DhXqgetnTlk0YFriE","user_uid":"293ea6a2-55e9-40df-a497-be41ec3ec96d","amount":10.0,"memo":"Demo transfer request","metadata":{"paymentType":"donation"},"from_address":"","to_address":"GC3R7AGSXQDBUSJ5CMFW5LCDYY22ZGWRR4VDDMAW5KZTPXHXVSHB5XFB","direction":"user_to_app","status":{"developer_approved":true,"transaction_verified":false,"developer_completed":false,"cancelled":false,"user_cancelled":false},"transaction":null,"created_at":"2024-06-13T12:45:31.082Z","network":"Pi Testnet"}
Error


Response 2024-06-13 14:46:40
{"identifier":"vE9stVplcJ9DhXqgetnTlk0YFriE","user_uid":"293ea6a2-55e9-40df-a497-be41ec3ec96d","amount":10.0,"memo":"Demo transfer request","metadata":{"paymentType":"donation"},"from_address":"GBOK4AV7FM22XLIIPAMDD5CZLVKFTQLIFDNST7CXWNHYNBYKGS5TNHNI","to_address":"GC3R7AGSXQDBUSJ5CMFW5LCDYY22ZGWRR4VDDMAW5KZTPXHXVSHB5XFB","direction":"user_to_app","status":{"developer_approved":true,"transaction_verified":true,"developer_completed":true,"cancelled":false,"user_cancelled":false},"transaction":{"txid":"b1bee2c05918b276031f0074d900f945778d011a272a64daba9e1c9e50f7072d","verified":true,"_link":"https://api.testnet.minepi.com/transactions/b1bee2c05918b276031f0074d900f945778d011a272a64daba9e1c9e50f7072d"},"created_at":"2024-06-13T12:45:31.082Z","network":"Pi Testnet"}
Error


Response 2024-06-13 15:14:16
{"identifier":"FS8gZOVoVl5jr7aQZtUjpSTIxu7I","user_uid":"451cb8e8-4187-4eb7-982e-1a48d3c82702","amount":1.0,"memo":"Demo transfer request","metadata":{"paymentType":"donation"},"from_address":"","to_address":"GC3R7AGSXQDBUSJ5CMFW5LCDYY22ZGWRR4VDDMAW5KZTPXHXVSHB5XFB","direction":"user_to_app","status":{"developer_approved":true,"transaction_verified":false,"developer_completed":false,"cancelled":false,"user_cancelled":false},"transaction":null,"created_at":"2024-06-13T13:14:15.580Z","network":"Pi Testnet"}
Error


Response 2024-06-13 15:31:50
{"identifier":"MgVr3hC707rYjs698fYT92CHhpuo","user_uid":"c7bfd248-060f-4d12-a768-e24c9cc93933","amount":1.0,"memo":"Demo transfer request","metadata":{"paymentType":"donation"},"from_address":"","to_address":"GC3R7AGSXQDBUSJ5CMFW5LCDYY22ZGWRR4VDDMAW5KZTPXHXVSHB5XFB","direction":"user_to_app","status":{"developer_approved":true,"transaction_verified":false,"developer_completed":false,"cancelled":false,"user_cancelled":false},"transaction":null,"created_at":"2024-06-13T13:31:47.287Z","network":"Pi Testnet"}
Error


Response 2024-06-13 15:34:53
{"identifier":"MgVr3hC707rYjs698fYT92CHhpuo","user_uid":"c7bfd248-060f-4d12-a768-e24c9cc93933","amount":1.0,"memo":"Demo transfer request","metadata":{"paymentType":"donation"},"from_address":"GBZS6OD6VDRFGS2MK3JSVPCSAAZ2GFQE7SJDHCRN77KWJBE4O45UDXPO","to_address":"GC3R7AGSXQDBUSJ5CMFW5LCDYY22ZGWRR4VDDMAW5KZTPXHXVSHB5XFB","direction":"user_to_app","status":{"developer_approved":true,"transaction_verified":true,"developer_completed":true,"cancelled":false,"user_cancelled":false},"transaction":{"txid":"7135ff0ae5b7bbb44f397f74acb5852523c9c8e95e9e5f14c6240570fd286d97","verified":true,"_link":"https://api.testnet.minepi.com/transactions/7135ff0ae5b7bbb44f397f74acb5852523c9c8e95e9e5f14c6240570fd286d97"},"created_at":"2024-06-13T13:31:47.287Z","network":"Pi Testnet"}
Error

